<?xml version="1.0" encoding="UTF-8"?>
<testsuite xmlns:xsi="http://www.w3.org/2001/XMLSchema-instance" xsi:noNamespaceSchemaLocation="https://maven.apache.org/surefire/maven-surefire-plugin/xsd/surefire-test-report-3.0.xsd" version="3.0" name="TestSuite" time="15.999" tests="2" errors="0" skipped="0" failures="0">
  <properties>
[...]
</properties>
  <testcase name="runScenario[&quot;Successful login with valid credentials&quot;, &quot;Login functionality&quot;](1)" classname="com.automation.testRunner.TestRunner" time="10.824">
    <system-out><![CDATA[
Scenario: Successful login with valid credentials &amp#27;[90m# src/test/java/com/automation/features/Login.feature:2&amp#27;[0m
🚀 Launching the browser...
  &amp#27;[32mGiven &amp#27;[0m&amp#27;[32mUser is on the login page&amp#27;[0m                 &amp#27;[90m# com.automation.stepDefinitions.LoginSteps.user_is_on_the_login_page()&amp#27;[0m
  &amp#27;[32mWhen &amp#27;[0m&amp#27;[32mUser enters valid username and password&amp#27;[0m    &amp#27;[90m# com.automation.stepDefinitions.LoginSteps.user_enters_valid_credentials()&amp#27;[0m
  &amp#27;[32mAnd &amp#27;[0m&amp#27;[32mClicks on login button&amp#27;[0m                      &amp#27;[90m# com.automation.stepDefinitions.LoginSteps.user_clicks_login()&amp#27;[0m
  &amp#27;[32mThen &amp#27;[0m&amp#27;[32mUser should be redirected to the homepage&amp#27;[0m  &amp#27;[90m# com.automation.stepDefinitions.LoginSteps.verify_homepage()&amp#27;[0m
🛑 Closing the browser...
]]></system-out>
    <system-err><![CDATA[SLF4J: Failed to load class "org.slf4j.impl.StaticLoggerBinder".
SLF4J: Defaulting to no-operation (NOP) logger implementation
SLF4J: See http://www.slf4j.org/codes.html#StaticLoggerBinder for further details.
Apr 07, 2025 1:43:24 PM org.openqa.selenium.devtools.CdpVersionFinder findNearestMatch
WARNING: Unable to find CDP implementation matching 134
Apr 07, 2025 1:43:24 PM org.openqa.selenium.chromium.ChromiumDriver lambda$new$5
WARNING: Unable to find version of CDP to use for 134.0.6998.167. You may need to include a dependency on a specific version of the CDP using something similar to `org.seleniumhq.selenium:selenium-devtools-v86:4.15.0` where the version ("v86") matches the version of the chromium-based browser you're using and the version number of the artifact is the same as Selenium's.
]]></system-err>
  </testcase>
  <testcase name="testApp on testApp(com.automation.AppTest)" classname="com.automation.AppTest" time="15.248">
    <system-out><![CDATA[Test report sent successfully!
]]></system-out>
  </testcase>
</testsuite>